  BaseComponent.cpp
  Beam.cpp
  Boss.cpp
  BossState.cpp
  ColliderComponent.cpp
  Command.cpp
  Enemy.cpp
  FpsComponent.cpp
  GameObject.cpp
  GameOverScene.cpp
  GameScene.cpp
  Goei.cpp
  GoeiState.cpp
  HitObserver.cpp
  InputManager.cpp
  Laser.cpp
  MenuScene.cpp
  Minigin.cpp
  Player.cpp
  PlayerState.cpp
  Generating Code...
  Compiling...
  RenderComponent.cpp
  Renderer.cpp
  Scene.cpp
  SpriteComponent.cpp
  TextComponent.cpp
  Transform.cpp
C:\Users\Ienne\Documents\GitHub\Engine_Galaga\Minigin\Minigin\Transform.cpp(17,40): error C2661: 'Renderer::RenderTexture': no overloaded function takes 0 arguments
C:\Users\Ienne\Documents\GitHub\Engine_Galaga\Minigin\Minigin\Transform.cpp(18,1): error C2143: syntax error: missing ';' before '}'
  Zako.cpp
  ZakoState.cpp
  Generating Code...
