c:\users\ienne\documents\github\engine_bubblebobble\minigin\minigin\x64\debug\minigin.pch
c:\users\ienne\documents\github\engine_bubblebobble\minigin\minigin\x64\debug\vc142.pdb
c:\users\ienne\documents\github\engine_bubblebobble\minigin\minigin\x64\debug\vc142.idb
c:\users\ienne\documents\github\engine_bubblebobble\minigin\minigin\x64\debug\miniginpch.obj
c:\users\ienne\documents\github\engine_bubblebobble\minigin\minigin\x64\debug\tower.obj
c:\users\ienne\documents\github\engine_bubblebobble\minigin\minigin\x64\debug\texture2d.obj
c:\users\ienne\documents\github\engine_bubblebobble\minigin\minigin\x64\debug\textcomponent.obj
c:\users\ienne\documents\github\engine_bubblebobble\minigin\minigin\x64\debug\testscene.obj
c:\users\ienne\documents\github\engine_bubblebobble\minigin\minigin\x64\debug\spritecomponent.obj
c:\users\ienne\documents\github\engine_bubblebobble\minigin\minigin\x64\debug\scenemanager.obj
c:\users\ienne\documents\github\engine_bubblebobble\minigin\minigin\x64\debug\scene.obj
c:\users\ienne\documents\github\engine_bubblebobble\minigin\minigin\x64\debug\resourcemanager.obj
c:\users\ienne\documents\github\engine_bubblebobble\minigin\minigin\x64\debug\renderer.obj
c:\users\ienne\documents\github\engine_bubblebobble\minigin\minigin\x64\debug\rendercomponent.obj
c:\users\ienne\documents\github\engine_bubblebobble\minigin\minigin\x64\debug\playerstate.obj
c:\users\ienne\documents\github\engine_bubblebobble\minigin\minigin\x64\debug\player.obj
c:\users\ienne\documents\github\engine_bubblebobble\minigin\minigin\x64\debug\minigin.obj
c:\users\ienne\documents\github\engine_bubblebobble\minigin\minigin\x64\debug\main.obj
c:\users\ienne\documents\github\engine_bubblebobble\minigin\minigin\x64\debug\inputmanager.obj
c:\users\ienne\documents\github\engine_bubblebobble\minigin\minigin\x64\debug\gameobject.obj
c:\users\ienne\documents\github\engine_bubblebobble\minigin\minigin\x64\debug\fpscomponent.obj
c:\users\ienne\documents\github\engine_bubblebobble\minigin\minigin\x64\debug\font.obj
c:\users\ienne\documents\github\engine_bubblebobble\minigin\minigin\x64\debug\collidercomponent.obj
c:\users\ienne\documents\github\engine_bubblebobble\minigin\minigin\x64\debug\basecomponent.obj
c:\users\ienne\documents\github\engine_bubblebobble\minigin\minigin\x64\debug\transform.obj
c:\users\ienne\documents\github\engine_bubblebobble\minigin\x64\debug\minigin.exe
c:\users\ienne\documents\github\engine_bubblebobble\minigin\x64\debug\minigin.ilk
c:\users\ienne\documents\github\engine_bubblebobble\minigin\x64\debug\minigin.pdb
c:\users\ienne\documents\github\engine_bubblebobble\minigin\x64\debug\minigin.lib
c:\users\ienne\documents\github\engine_bubblebobble\minigin\x64\debug\minigin.exp
c:\users\ienne\documents\github\engine_bubblebobble\minigin\minigin\x64\debug\minigin.tlog\cl.command.1.tlog
c:\users\ienne\documents\github\engine_bubblebobble\minigin\minigin\x64\debug\minigin.tlog\cl.read.1.tlog
c:\users\ienne\documents\github\engine_bubblebobble\minigin\minigin\x64\debug\minigin.tlog\cl.write.1.tlog
c:\users\ienne\documents\github\engine_bubblebobble\minigin\minigin\x64\debug\minigin.tlog\link.command.1.tlog
c:\users\ienne\documents\github\engine_bubblebobble\minigin\minigin\x64\debug\minigin.tlog\link.read.1.tlog
c:\users\ienne\documents\github\engine_bubblebobble\minigin\minigin\x64\debug\minigin.tlog\link.write.1.tlog
c:\users\ienne\documents\github\engine_bubblebobble\minigin\minigin\x64\debug\minigin.tlog\minigin.write.1u.tlog
